2022-12-28 22:33:11.578 - DBeaver 5.3.5.201902181142 is starting
2022-12-28 22:33:11.583 - OS: Windows 10 10.0 (amd64)
2022-12-28 22:33:11.587 - Java version: 11.0.16 by Oracle Corporation (64bit)
2022-12-28 22:33:11.594 - Install path: 'C:\Users\HP\Desktop\Coding\JSP_psam\resources\dbeaver-ce-5.3.5-win32.win32.x86_64\dbeaver'
2022-12-28 22:33:11.608 - Instance path: 'file:/C:/Users/HP/Desktop/Coding/Spring3_psam/workspace/script/'
2022-12-28 22:33:11.615 - Memory available 64Mb/1024Mb
2022-12-28 22:33:11.639 - Starting RMI server at 35298
2022-12-28 22:33:11.750 - Run workbench
2022-12-28 22:33:11.772 - > Start org.eclipse.e4.ui.workbench.swt [0.14.300.v20180906-1121]
2022-12-28 22:33:11.776 - > Start org.eclipse.e4.core.services [2.1.200.v20180817-1215]
2022-12-28 22:33:11.780 - > Start org.eclipse.e4.core.contexts [1.7.100.v20180817-1215]
2022-12-28 22:33:11.793 - > Start org.eclipse.e4.ui.services [1.3.200.v20180906-1121]
2022-12-28 22:33:11.839 - > Start org.eclipse.e4.ui.di [1.2.300.v20180906-1121]
2022-12-28 22:33:11.892 - > Start org.eclipse.emf.common [2.15.0.v20180723-1316]
2022-12-28 22:33:11.915 - > Start org.eclipse.emf.ecore [2.15.0.v20180722-1159]
2022-12-28 22:33:12.008 - > Start org.eclipse.emf.ecore.xmi [2.15.0.v20180706-1146]
2022-12-28 22:33:12.239 - > Start org.eclipse.core.filesystem [1.7.200.v20180828-0158]
2022-12-28 22:33:12.311 - > Start org.eclipse.core.resources [3.13.100.v20180828-0158]
2022-12-28 22:33:12.513 - > Start org.eclipse.e4.ui.workbench.addons.swt [1.3.200.v20180828-0227]
2022-12-28 22:33:12.531 - > Start org.eclipse.core.expressions [3.6.200.v20180817-1401]
2022-12-28 22:33:12.556 - > Start org.eclipse.e4.ui.workbench.renderers.swt [0.14.300.v20180828-0227]
2022-12-28 22:33:12.694 - > Start org.eclipse.e4.ui.bindings [0.12.200.v20180828-0227]
2022-12-28 22:33:12.762 - > Start org.eclipse.e4.core.di.extensions [0.15.200.v20180817-1215]
2022-12-28 22:33:12.775 - > Start org.eclipse.ui.ide [3.14.100.v20180828-1350]
2022-12-28 22:33:13.246 - > Start org.eclipse.e4.ui.css.swt [0.13.200.v20180828-0227]
2022-12-28 22:33:13.311 - > Start org.eclipse.e4.ui.css.swt.theme [0.12.100.v20180828-0227]
2022-12-28 22:33:13.985 - Initializing DBeaver 5.3.5
2022-12-28 22:33:13.990 - Host plugin: org.jkiss.dbeaver.core.application 5.3.5.201902181142
2022-12-28 22:33:13.996 - Initialize Core...
2022-12-28 22:33:14.004 - Can't find BC security provider. Use default JCE.
2022-12-28 22:33:14.007 - BouncyCastle not registered, using the default JCE provider
2022-12-28 22:33:14.012 - Language for locale 'ko_KR' not found. Use default.
2022-12-28 22:33:14.105 - > Start org.eclipse.team.core [3.8.300.v20180827-1041]
2022-12-28 22:33:14.126 - > Start org.jkiss.dbeaver.ui.navigator [1.0.3.201902181142]
Warning: NLS unused message: actions_ContentAssistTip_description in: org.jkiss.dbeaver.core.CoreResources
Warning: NLS unused message: actions_navigator__objects in: org.jkiss.dbeaver.core.CoreResources
Warning: NLS unused message: actions_navigator_copy_object_copy_node in: org.jkiss.dbeaver.core.CoreResources
Warning: NLS unused message: actions_navigator_copy_object_copy_objects in: org.jkiss.dbeaver.core.CoreResources
Warning: NLS unused message: actions_navigator_create_folder_error_message in: org.jkiss.dbeaver.core.CoreResources
Warning: NLS unused message: actions_navigator_create_folder_error_title in: org.jkiss.dbeaver.core.CoreResources
Warning: NLS unused message: actions_navigator_create_folder_folder_name in: org.jkiss.dbeaver.core.CoreResources
Warning: NLS unused message: actions_navigator_delete_objects in: org.jkiss.dbeaver.core.CoreResources
Warning: NLS unused message: actions_navigator_delete_script in: org.jkiss.dbeaver.core.CoreResources
Warning: NLS unused message: actions_navigator_error_dialog_delete_object_title in: org.jkiss.dbeaver.core.CoreResources
Warning: NLS unused message: actions_navigator_error_dialog_open_entity_title in: org.jkiss.dbeaver.core.CoreResources
Warning: NLS unused message: actions_navigator_error_dialog_open_resource_title in: org.jkiss.dbeaver.core.CoreResources
Warning: NLS unused message: actions_navigator_view_script_button in: org.jkiss.dbeaver.core.CoreResources
Warning: NLS unused message: confirm_order_resultset_message in: org.jkiss.dbeaver.core.CoreResources
Warning: NLS unused message: confirm_order_resultset_title in: org.jkiss.dbeaver.core.CoreResources
Warning: NLS unused message: confirm_order_resultset_toggleMessage in: org.jkiss.dbeaver.core.CoreResources
Warning: NLS unused message: controls_querylog_action_clear_log in: org.jkiss.dbeaver.core.CoreResources
Warning: NLS unused message: controls_querylog_action_copy in: org.jkiss.dbeaver.core.CoreResources
Warning: NLS unused message: controls_querylog_action_copy_all_fields in: org.jkiss.dbeaver.core.CoreResources
Warning: NLS unused message: controls_querylog_action_select_all in: org.jkiss.dbeaver.core.CoreResources
Warning: NLS unused message: controls_querylog_column_duration_name in: org.jkiss.dbeaver.core.CoreResources
Warning: NLS unused message: controls_querylog_column_duration_tooltip in: org.jkiss.dbeaver.core.CoreResources
Warning: NLS unused message: controls_querylog_column_result_name in: org.jkiss.dbeaver.core.CoreResources
Warning: NLS unused message: controls_querylog_column_result_tooltip in: org.jkiss.dbeaver.core.CoreResources
Warning: NLS unused message: controls_querylog_column_text_name in: org.jkiss.dbeaver.core.CoreResources
Warning: NLS unused message: controls_querylog_column_text_tooltip in: org.jkiss.dbeaver.core.CoreResources
Warning: NLS unused message: controls_querylog_column_time_name in: org.jkiss.dbeaver.core.CoreResources
Warning: NLS unused message: controls_querylog_column_time_tooltip in: org.jkiss.dbeaver.core.CoreResources
Warning: NLS unused message: controls_querylog_column_type_name in: org.jkiss.dbeaver.core.CoreResources
Warning: NLS unused message: controls_querylog_column_type_tooltip in: org.jkiss.dbeaver.core.CoreResources
Warning: NLS unused message: controls_querylog_format_minutes in: org.jkiss.dbeaver.core.CoreResources
2022-12-28 22:33:14.497 - Total database drivers: 70 (70)
2022-12-28 22:33:14.536 - > Start org.eclipse.equinox.security [1.2.500.v20180827-1235]
2022-12-28 22:33:14.559 - > Start org.eclipse.ui.net [1.3.300.v20180827-1041]
2022-12-28 22:33:14.562 - Proxy service 'org.eclipse.core.net.proxy.IProxyService' loaded
2022-12-28 22:33:14.567 - > Start org.eclipse.core.net [1.3.300.v20180827-1041]
2022-12-28 22:33:14.571 - Core initialized (575ms)
2022-12-28 22:33:14.576 - Configure workbench window
2022-12-28 22:33:14.594 - > Start org.eclipse.help [3.8.200.v20180821-0700]
2022-12-28 22:33:16.838 - Create actions
2022-12-28 22:33:16.842 - Disable Eclipse action set 'org.eclipse.ui.edit.text.actionSet.annotationNavigation'
2022-12-28 22:33:16.847 - Disable Eclipse action set 'org.eclipse.ui.WorkingSetActionSet'
2022-12-28 22:33:16.900 - > Start org.eclipse.ui.editors [3.11.200.v20180822-1511]
2022-12-28 22:33:16.903 - > Start org.eclipse.core.filebuffers [3.6.300.v20180822-1339]
2022-12-28 22:33:17.501 - > Start org.eclipse.search [3.11.300.v20180822-1339]
2022-12-28 22:33:17.533 - > Start org.eclipse.ui.workbench.texteditor [3.11.100.v20180824-1030]
2022-12-28 22:33:17.561 - Initialize workbench window
2022-12-28 22:33:17.588 - Finish initialization
2022-12-28 22:33:17.700 - > Start org.jkiss.dbeaver.ui.editors.base [1.0.3.201902181142]
2022-12-28 22:33:17.910 - > Start org.jkiss.dbeaver.ui.editors.sql [1.0.3.201902181142]
2022-12-28 22:33:17.979 - > Start org.jkiss.dbeaver.ext.erd [2.0.105.201902181142]
2022-12-28 22:33:18.636 - > Start org.eclipse.compare.core [3.6.300.v20180827-1041]
2022-12-28 22:33:18.760 - > Start org.jkiss.dbeaver.ui.editors.data [1.0.3.201902181142]
Warning: NLS unused message: controls_resultset_viewer_action_reset_value in: org.jkiss.dbeaver.ui.controls.resultset.internal.ResultSetMessages
2022-12-28 22:33:20.293 - > Start org.eclipse.equinox.p2.core [2.5.100.v20180822-1532]
2022-12-28 22:33:20.297 - > Start org.eclipse.equinox.p2.operations [2.5.100.v20180822-1302]
2022-12-28 22:33:20.302 - > Start org.eclipse.equinox.p2.engine [2.6.100.v20180822-1302]
2022-12-28 22:33:20.316 - > Start org.eclipse.equinox.p2.metadata [2.4.100.v20180822-1302]
2022-12-28 22:33:20.330 - > Start org.eclipse.equinox.p2.ui.sdk.scheduler [1.4.100.v20180827-1122]
2022-12-28 22:33:20.336 - > Start org.eclipse.equinox.p2.updatechecker [1.2.100.v20180827-1122]
2022-12-28 22:33:20.349 - > Start org.eclipse.equinox.p2.metadata.repository [1.3.100.v20180822-1302]
2022-12-28 22:33:20.354 - > Start org.eclipse.equinox.p2.repository [2.4.100.v20180822-1354]
2022-12-28 22:33:20.821 - > Start org.eclipse.equinox.p2.ui [2.5.200.v20180822-1357]
2022-12-28 22:33:20.894 - > Start org.jkiss.dbeaver.ext.sample.database [1.0.40.201902181142]
2022-12-28 22:33:20.899 - > Start org.jkiss.dbeaver.ext.ui.tipoftheday [1.0.9.201902181142]
2022-12-28 22:33:20.904 - Connect with 'Oracle - XE' (oracle_thin-18515a571f7-1559c64f68d632fa)
2022-12-28 22:33:20.912 - > Start org.jkiss.dbeaver.ext.oracle [2.1.88.201902181142]
2022-12-28 22:33:21.945 - Connected (oracle_thin-18515a571f7-1559c64f68d632fa, Oracle JDBC driver [11.2.0.2.0])
2022-12-28 22:37:30.629 - > Start org.eclipse.gef [3.11.0.201606061308]
2022-12-28 23:20:01.382 - Error binding callable statement parameters from metadata: 지원되지 않는 기능입니다
2022-12-28 23:20:01.385 - Error extracting parameters meta data: 지원되지 않는 기능입니다
2022-12-28 23:20:01.448 - null
org.jkiss.dbeaver.DBException: SQL Error [940] [42000]: ORA-00940: invalid ALTER command

	at org.jkiss.dbeaver.model.DBUtils.tryExecuteRecover(DBUtils.java:1667)
	at org.jkiss.dbeaver.ui.controls.resultset.ResultSetJobDataRead.run(ResultSetJobDataRead.java:100)
	at org.jkiss.dbeaver.model.runtime.AbstractJob.run(AbstractJob.java:101)
	at org.eclipse.core.internal.jobs.Worker.run(Worker.java:63)
Caused by: org.jkiss.dbeaver.model.exec.DBCException: SQL Error [940] [42000]: ORA-00940: invalid ALTER command

	at org.jkiss.dbeaver.ui.editors.sql.execute.SQLQueryJob.extractData(SQLQueryJob.java:844)
	at org.jkiss.dbeaver.ui.editors.sql.SQLEditor$QueryResultsContainer.readData(SQLEditor.java:2691)
	at org.jkiss.dbeaver.ui.controls.resultset.ResultSetJobDataRead.lambda$0(ResultSetJobDataRead.java:102)
	at org.jkiss.dbeaver.model.DBUtils.tryExecuteRecover(DBUtils.java:1635)
	... 3 more
Caused by: org.jkiss.dbeaver.DBException: SQL Error [940] [42000]: ORA-00940: invalid ALTER command

	at org.jkiss.dbeaver.model.DBUtils.tryExecuteRecover(DBUtils.java:1667)
	at org.jkiss.dbeaver.ui.editors.sql.execute.SQLQueryJob.executeSingleQuery(SQLQueryJob.java:400)
	at org.jkiss.dbeaver.ui.editors.sql.execute.SQLQueryJob.extractData(SQLQueryJob.java:839)
	... 6 more
Caused by: org.jkiss.dbeaver.model.exec.DBCException: SQL Error [940] [42000]: ORA-00940: invalid ALTER command

	at org.jkiss.dbeaver.model.impl.jdbc.exec.JDBCStatementImpl.executeStatement(JDBCStatementImpl.java:140)
	at org.jkiss.dbeaver.ui.editors.sql.execute.SQLQueryJob.executeStatement(SQLQueryJob.java:458)
	at org.jkiss.dbeaver.ui.editors.sql.execute.SQLQueryJob.lambda$0(SQLQueryJob.java:402)
	at org.jkiss.dbeaver.model.DBUtils.tryExecuteRecover(DBUtils.java:1635)
	... 8 more
Caused by: java.sql.SQLSyntaxErrorException: ORA-00940: invalid ALTER command

	at oracle.jdbc.driver.T4CTTIoer.processError(T4CTTIoer.java:440)
	at oracle.jdbc.driver.T4CTTIoer.processError(T4CTTIoer.java:396)
	at oracle.jdbc.driver.T4C8Oall.processError(T4C8Oall.java:837)
	at oracle.jdbc.driver.T4CTTIfun.receive(T4CTTIfun.java:445)
	at oracle.jdbc.driver.T4CTTIfun.doRPC(T4CTTIfun.java:191)
	at oracle.jdbc.driver.T4C8Oall.doOALL(T4C8Oall.java:523)
	at oracle.jdbc.driver.T4CStatement.doOall8(T4CStatement.java:193)
	at oracle.jdbc.driver.T4CStatement.executeForRows(T4CStatement.java:999)
	at oracle.jdbc.driver.OracleStatement.doExecuteWithTimeout(OracleStatement.java:1315)
	at oracle.jdbc.driver.OracleStatement.executeInternal(OracleStatement.java:1890)
	at oracle.jdbc.driver.OracleStatement.execute(OracleStatement.java:1855)
	at oracle.jdbc.driver.OracleStatementWrapper.execute(OracleStatementWrapper.java:304)
	at org.jkiss.dbeaver.model.impl.jdbc.exec.JDBCStatementImpl.execute(JDBCStatementImpl.java:344)
	at org.jkiss.dbeaver.model.impl.jdbc.exec.JDBCStatementImpl.executeStatement(JDBCStatementImpl.java:137)
	... 11 more
2022-12-28 23:22:12.086 - Error binding callable statement parameters from metadata: 지원되지 않는 기능입니다
2022-12-28 23:22:12.088 - Error extracting parameters meta data: 지원되지 않는 기능입니다
2022-12-28 23:22:12.125 - null
org.jkiss.dbeaver.DBException: SQL Error [2275] [42000]: ORA-02275: such a referential constraint already exists in the table

	at org.jkiss.dbeaver.model.DBUtils.tryExecuteRecover(DBUtils.java:1667)
	at org.jkiss.dbeaver.ui.controls.resultset.ResultSetJobDataRead.run(ResultSetJobDataRead.java:100)
	at org.jkiss.dbeaver.model.runtime.AbstractJob.run(AbstractJob.java:101)
	at org.eclipse.core.internal.jobs.Worker.run(Worker.java:63)
Caused by: org.jkiss.dbeaver.model.exec.DBCException: SQL Error [2275] [42000]: ORA-02275: such a referential constraint already exists in the table

	at org.jkiss.dbeaver.ui.editors.sql.execute.SQLQueryJob.extractData(SQLQueryJob.java:844)
	at org.jkiss.dbeaver.ui.editors.sql.SQLEditor$QueryResultsContainer.readData(SQLEditor.java:2691)
	at org.jkiss.dbeaver.ui.controls.resultset.ResultSetJobDataRead.lambda$0(ResultSetJobDataRead.java:102)
	at org.jkiss.dbeaver.model.DBUtils.tryExecuteRecover(DBUtils.java:1635)
	... 3 more
Caused by: org.jkiss.dbeaver.DBException: SQL Error [2275] [42000]: ORA-02275: such a referential constraint already exists in the table

	at org.jkiss.dbeaver.model.DBUtils.tryExecuteRecover(DBUtils.java:1667)
	at org.jkiss.dbeaver.ui.editors.sql.execute.SQLQueryJob.executeSingleQuery(SQLQueryJob.java:400)
	at org.jkiss.dbeaver.ui.editors.sql.execute.SQLQueryJob.extractData(SQLQueryJob.java:839)
	... 6 more
Caused by: org.jkiss.dbeaver.model.exec.DBCException: SQL Error [2275] [42000]: ORA-02275: such a referential constraint already exists in the table

	at org.jkiss.dbeaver.model.impl.jdbc.exec.JDBCStatementImpl.executeStatement(JDBCStatementImpl.java:140)
	at org.jkiss.dbeaver.ui.editors.sql.execute.SQLQueryJob.executeStatement(SQLQueryJob.java:458)
	at org.jkiss.dbeaver.ui.editors.sql.execute.SQLQueryJob.lambda$0(SQLQueryJob.java:402)
	at org.jkiss.dbeaver.model.DBUtils.tryExecuteRecover(DBUtils.java:1635)
	... 8 more
Caused by: java.sql.SQLSyntaxErrorException: ORA-02275: such a referential constraint already exists in the table

	at oracle.jdbc.driver.T4CTTIoer.processError(T4CTTIoer.java:440)
	at oracle.jdbc.driver.T4CTTIoer.processError(T4CTTIoer.java:396)
	at oracle.jdbc.driver.T4C8Oall.processError(T4C8Oall.java:837)
	at oracle.jdbc.driver.T4CTTIfun.receive(T4CTTIfun.java:445)
	at oracle.jdbc.driver.T4CTTIfun.doRPC(T4CTTIfun.java:191)
	at oracle.jdbc.driver.T4C8Oall.doOALL(T4C8Oall.java:523)
	at oracle.jdbc.driver.T4CStatement.doOall8(T4CStatement.java:193)
	at oracle.jdbc.driver.T4CStatement.executeForRows(T4CStatement.java:999)
	at oracle.jdbc.driver.OracleStatement.doExecuteWithTimeout(OracleStatement.java:1315)
	at oracle.jdbc.driver.OracleStatement.executeInternal(OracleStatement.java:1890)
	at oracle.jdbc.driver.OracleStatement.execute(OracleStatement.java:1855)
	at oracle.jdbc.driver.OracleStatementWrapper.execute(OracleStatementWrapper.java:304)
	at org.jkiss.dbeaver.model.impl.jdbc.exec.JDBCStatementImpl.execute(JDBCStatementImpl.java:344)
	at org.jkiss.dbeaver.model.impl.jdbc.exec.JDBCStatementImpl.executeStatement(JDBCStatementImpl.java:137)
	... 11 more
2022-12-29 00:41:43.887 - DBeaver is stopping
2022-12-29 00:41:43.887 - Stop RMI server
